<?xml version="1.0" encoding="UTF-8"?>
<testsuite name="com.meshlink.database.data.local.ChatEntityTest" tests="2" skipped="0" failures="0" errors="0" timestamp="2026-07-19T03:24:12.112Z" hostname="Durgaprasads-MacBook-Air.local" time="0.001">
  <properties/>
  <testcase name="test chat entity equality" classname="com.meshlink.database.data.local.ChatEntityTest" time="0.0"/>
  <testcase name="test chat entity default values" classname="com.meshlink.database.data.local.ChatEntityTest" time="0.001"/>
  <system-out><![CDATA[]]></system-out>
  <system-err><![CDATA[]]></system-err>
</testsuite>
