<?xml version="1.0" encoding="UTF-8"?>
<testsuite name="com.meshlink.security.data.DatabaseSecurityManagerTest" tests="2" skipped="2" failures="0" errors="0" timestamp="2026-07-19T03:24:13.662Z" hostname="Durgaprasads-MacBook-Air.local" time="0.0">
  <properties/>
  <testcase name="getDatabasePassphrase returns secure passphrase bytes" classname="com.meshlink.security.data.DatabaseSecurityManagerTest" time="0.0">
    <skipped/>
  </testcase>
  <testcase name="migration from legacy UUID passphrase executes without crash" classname="com.meshlink.security.data.DatabaseSecurityManagerTest" time="0.0">
    <skipped/>
  </testcase>
  <system-out><![CDATA[]]></system-out>
  <system-err><![CDATA[]]></system-err>
</testsuite>
