<?xml version="1.0" encoding="UTF-8"?>
<testsuite name="com.meshlink.database.data.local.UserDaoTest" tests="4" skipped="0" failures="0" errors="0" timestamp="2026-07-19T03:24:12.397Z" hostname="Durgaprasads-MacBook-Air.local" time="0.036">
  <properties/>
  <testcase name="insert and retrieve user" classname="com.meshlink.database.data.local.UserDaoTest" time="0.01"/>
  <testcase name="clearUsers deletes all users" classname="com.meshlink.database.data.local.UserDaoTest" time="0.009"/>
  <testcase name="insert replaces on conflict" classname="com.meshlink.database.data.local.UserDaoTest" time="0.008"/>
  <testcase name="getLocalUser returns the first user" classname="com.meshlink.database.data.local.UserDaoTest" time="0.009"/>
  <system-out><![CDATA[]]></system-out>
  <system-err><![CDATA[]]></system-err>
</testsuite>
