<?xml version="1.0" encoding="UTF-8"?>
<testsuite name="com.meshlink.messaging.data.MessagingRepositoryImplTest" tests="7" skipped="0" failures="0" errors="0" timestamp="2026-07-19T03:24:13.275Z" hostname="Durgaprasads-MacBook-Air.local" time="0.057">
  <properties/>
  <testcase name="deleteMessages should call source" classname="com.meshlink.messaging.data.MessagingRepositoryImplTest" time="0.037"/>
  <testcase name="saveMessage should call insertMessage if chatName is null" classname="com.meshlink.messaging.data.MessagingRepositoryImplTest" time="0.006"/>
  <testcase name="markChatAsRead should call source" classname="com.meshlink.messaging.data.MessagingRepositoryImplTest" time="0.002"/>
  <testcase name="deleteChat should call source" classname="com.meshlink.messaging.data.MessagingRepositoryImplTest" time="0.002"/>
  <testcase name="updateMessageStatus should convert status and call source" classname="com.meshlink.messaging.data.MessagingRepositoryImplTest" time="0.002"/>
  <testcase name="saveMessage should call insertMessageAndUpdateChat if chatName is provided" classname="com.meshlink.messaging.data.MessagingRepositoryImplTest" time="0.003"/>
  <testcase name="getMessagesForChat should map entities to domain models" classname="com.meshlink.messaging.data.MessagingRepositoryImplTest" time="0.005"/>
  <system-out><![CDATA[]]></system-out>
  <system-err><![CDATA[]]></system-err>
</testsuite>
