<?xml version="1.0" encoding="UTF-8"?>
<testsuite name="com.meshlink.core.data.UserRepositoryImplTest" tests="5" skipped="0" failures="0" errors="0" timestamp="2026-07-19T03:24:10.049Z" hostname="Durgaprasads-MacBook-Air.local" time="0.147">
  <properties/>
  <testcase name="registerUser should generate hashes and insert user" classname="com.meshlink.core.data.UserRepositoryImplTest" time="0.088"/>
  <testcase name="loginUser should fail with invalid pin" classname="com.meshlink.core.data.UserRepositoryImplTest" time="0.035"/>
  <testcase name="loginUser should succeed with valid pin (new format)" classname="com.meshlink.core.data.UserRepositoryImplTest" time="0.012"/>
  <testcase name="logout should set login state to false" classname="com.meshlink.core.data.UserRepositoryImplTest" time="0.009"/>
  <testcase name="loginUser should fail if user not found" classname="com.meshlink.core.data.UserRepositoryImplTest" time="0.003"/>
  <system-out><![CDATA[]]></system-out>
  <system-err><![CDATA[]]></system-err>
</testsuite>
