<?xml version="1.0" encoding="UTF-8"?>
<testsuite name="com.meshlink.storage.data.local.CacheManagerTest" tests="3" skipped="0" failures="0" errors="0" timestamp="2026-07-19T03:24:15.122Z" hostname="Durgaprasads-MacBook-Air.local" time="0.204">
  <properties/>
  <testcase name="enforceQuotas deletes media older than 7 days" classname="com.meshlink.storage.data.local.CacheManagerTest" time="0.021"/>
  <testcase name="clearTemporaryChunks deletes all files in chunks directory" classname="com.meshlink.storage.data.local.CacheManagerTest" time="0.007"/>
  <testcase name="enforceQuotas evicts LRU thumbnails if size exceeds max" classname="com.meshlink.storage.data.local.CacheManagerTest" time="0.176"/>
  <system-out><![CDATA[]]></system-out>
  <system-err><![CDATA[]]></system-err>
</testsuite>
