<?xml version="1.0" encoding="UTF-8"?>
<testsuite name="com.meshlink.ui.settings.SettingsViewModelTest" tests="5" skipped="0" failures="0" errors="0" timestamp="2026-07-19T03:24:15.436Z" hostname="Durgaprasads-MacBook-Air.local" time="0.024">
  <properties/>
  <testcase name="logout delegates to repository and emits LogoutSuccess event" classname="com.meshlink.ui.settings.SettingsViewModelTest" time="0.006"/>
  <testcase name="uiState emits values from repository" classname="com.meshlink.ui.settings.SettingsViewModelTest" time="0.003"/>
  <testcase name="setMeshMode delegates to repository" classname="com.meshlink.ui.settings.SettingsViewModelTest" time="0.004"/>
  <testcase name="setEncryptionEnabled delegates to repository" classname="com.meshlink.ui.settings.SettingsViewModelTest" time="0.005"/>
  <testcase name="setOnlineVisible delegates to repository" classname="com.meshlink.ui.settings.SettingsViewModelTest" time="0.006"/>
  <system-out><![CDATA[]]></system-out>
  <system-err><![CDATA[]]></system-err>
</testsuite>
