<?xml version="1.0" encoding="UTF-8"?>
<testsuite name="com.meshlink.security.data.MeshCryptoManagerTest" tests="4" skipped="0" failures="0" errors="0" timestamp="2026-07-19T03:24:13.664Z" hostname="Durgaprasads-MacBook-Air.local" time="1.455">
  <properties/>
  <testcase name="test encryptOrPassthrough respects requireEncryption flag" classname="com.meshlink.security.data.MeshCryptoManagerTest" time="0.499"/>
  <testcase name="test fingerprint generation" classname="com.meshlink.security.data.MeshCryptoManagerTest" time="0.29"/>
  <testcase name="test invalid signature rejection" classname="com.meshlink.security.data.MeshCryptoManagerTest" time="0.37"/>
  <testcase name="test sign and verifySignature" classname="com.meshlink.security.data.MeshCryptoManagerTest" time="0.295"/>
  <system-out><![CDATA[]]></system-out>
  <system-err><![CDATA[]]></system-err>
</testsuite>
