<?xml version="1.0" encoding="UTF-8"?>
<testsuite name="com.meshlink.database.data.local.RelayPacketEntityTest" tests="2" skipped="0" failures="0" errors="0" timestamp="2026-07-19T03:24:12.342Z" hostname="Durgaprasads-MacBook-Air.local" time="0.001">
  <properties/>
  <testcase name="test relay packet entity equality" classname="com.meshlink.database.data.local.RelayPacketEntityTest" time="0.001"/>
  <testcase name="test relay packet entity default values" classname="com.meshlink.database.data.local.RelayPacketEntityTest" time="0.0"/>
  <system-out><![CDATA[]]></system-out>
  <system-err><![CDATA[]]></system-err>
</testsuite>
