<?xml version="1.0" encoding="UTF-8"?>
<testsuite name="com.meshlink.ble.data.MeshPacketParserTest" tests="3" skipped="0" failures="0" errors="0" timestamp="2026-07-19T03:24:10.042Z" hostname="Durgaprasads-MacBook-Air.local" time="0.005">
  <properties/>
  <testcase name="test fromJson with invalid json returns null" classname="com.meshlink.ble.data.MeshPacketParserTest" time="0.003"/>
  <testcase name="test toJson and fromJson for standard text packet" classname="com.meshlink.ble.data.MeshPacketParserTest" time="0.002"/>
  <testcase name="test toJson and fromJson for media chunk packet" classname="com.meshlink.ble.data.MeshPacketParserTest" time="0.0"/>
  <system-out><![CDATA[]]></system-out>
  <system-err><![CDATA[]]></system-err>
</testsuite>
