<?xml version="1.0" encoding="UTF-8"?>
<testsuite name="com.meshlink.domain.usecase.messaging.SendMessageUseCaseTest" tests="2" skipped="0" failures="0" errors="0" timestamp="2026-07-19T03:24:12.569Z" hostname="Durgaprasads-MacBook-Air.local" time="0.073">
  <properties/>
  <testcase name="invoke should return early if local user is null" classname="com.meshlink.domain.usecase.messaging.SendMessageUseCaseTest" time="0.068"/>
  <testcase name="invoke should create message and call repositories if user exists" classname="com.meshlink.domain.usecase.messaging.SendMessageUseCaseTest" time="0.005"/>
  <system-out><![CDATA[]]></system-out>
  <system-err><![CDATA[]]></system-err>
</testsuite>
