<?xml version="1.0" encoding="UTF-8"?>
<testsuite name="com.meshlink.ui.auth.AuthViewModelTest" tests="9" skipped="0" failures="0" errors="0" timestamp="2026-07-19T03:24:15.331Z" hostname="Durgaprasads-MacBook-Air.local" time="0.067">
  <properties/>
  <testcase name="login with empty fields emits Error" classname="com.meshlink.ui.auth.AuthViewModelTest" time="0.013"/>
  <testcase name="register with empty name emits Error" classname="com.meshlink.ui.auth.AuthViewModelTest" time="0.003"/>
  <testcase name="resetState resets uiState to Idle" classname="com.meshlink.ui.auth.AuthViewModelTest" time="0.016"/>
  <testcase name="register success emits RegistrationSuccess" classname="com.meshlink.ui.auth.AuthViewModelTest" time="0.007"/>
  <testcase name="register with invalid PIN emits Error" classname="com.meshlink.ui.auth.AuthViewModelTest" time="0.005"/>
  <testcase name="login success emits LoginSuccess" classname="com.meshlink.ui.auth.AuthViewModelTest" time="0.006"/>
  <testcase name="register failure emits Error" classname="com.meshlink.ui.auth.AuthViewModelTest" time="0.007"/>
  <testcase name="login failure emits Error" classname="com.meshlink.ui.auth.AuthViewModelTest" time="0.005"/>
  <testcase name="isUserLoggedIn emits values from repository" classname="com.meshlink.ui.auth.AuthViewModelTest" time="0.005"/>
  <system-out><![CDATA[]]></system-out>
  <system-err><![CDATA[]]></system-err>
</testsuite>
