<?xml version="1.0" encoding="UTF-8"?>
<testsuite name="com.meshlink.database.data.local.MessageEntityTest" tests="2" skipped="0" failures="0" errors="0" timestamp="2026-07-19T03:24:12.286Z" hostname="Durgaprasads-MacBook-Air.local" time="0.001">
  <properties/>
  <testcase name="test message entity equality ignores localId if configured appropriately, but data classes include it" classname="com.meshlink.database.data.local.MessageEntityTest" time="0.001"/>
  <testcase name="test message entity default values" classname="com.meshlink.database.data.local.MessageEntityTest" time="0.0"/>
  <system-out><![CDATA[]]></system-out>
  <system-err><![CDATA[]]></system-err>
</testsuite>
