<?xml version="1.0" encoding="UTF-8"?>
<testsuite name="com.meshlink.messaging.presentation.ChatsListViewModelTest" tests="1" skipped="0" failures="0" errors="0" timestamp="2026-07-19T03:24:13.620Z" hostname="Durgaprasads-MacBook-Air.local" time="0.036">
  <properties/>
  <testcase name="uiState emits list of chats from use case" classname="com.meshlink.messaging.presentation.ChatsListViewModelTest" time="0.036"/>
  <system-out><![CDATA[]]></system-out>
  <system-err><![CDATA[]]></system-err>
</testsuite>
