<?xml version="1.0" encoding="UTF-8"?>
<testsuite name="com.meshlink.database.data.local.UserTest" tests="3" skipped="0" failures="0" errors="0" timestamp="2026-07-19T03:24:12.434Z" hostname="Durgaprasads-MacBook-Air.local" time="0.0">
  <properties/>
  <testcase name="test user entity creation and fields" classname="com.meshlink.database.data.local.UserTest" time="0.0"/>
  <testcase name="test user entity copy" classname="com.meshlink.database.data.local.UserTest" time="0.0"/>
  <testcase name="test user entity equality and hashcode" classname="com.meshlink.database.data.local.UserTest" time="0.0"/>
  <system-out><![CDATA[]]></system-out>
  <system-err><![CDATA[]]></system-err>
</testsuite>
