<?xml version="1.0" encoding="UTF-8"?>
<testsuite name="com.meshlink.ble.data.BleRepositoryImplTest" tests="8" skipped="0" failures="0" errors="0" timestamp="2026-07-19T03:24:04.036Z" hostname="Durgaprasads-MacBook-Air.local" time="2.713">
  <properties/>
  <testcase name="startAdvertising delegates to bleDataSource" classname="com.meshlink.ble.data.BleRepositoryImplTest" time="2.594"/>
  <testcase name="stopServer delegates to bleDataSource" classname="com.meshlink.ble.data.BleRepositoryImplTest" time="0.021"/>
  <testcase name="stopMesh calls all stop methods" classname="com.meshlink.ble.data.BleRepositoryImplTest" time="0.016"/>
  <testcase name="startScanning delegates to bleDataSource" classname="com.meshlink.ble.data.BleRepositoryImplTest" time="0.029"/>
  <testcase name="connectToDevice delegates to bleDataSource" classname="com.meshlink.ble.data.BleRepositoryImplTest" time="0.013"/>
  <testcase name="stopAdvertising delegates to bleDataSource" classname="com.meshlink.ble.data.BleRepositoryImplTest" time="0.014"/>
  <testcase name="startServer delegates to bleDataSource" classname="com.meshlink.ble.data.BleRepositoryImplTest" time="0.011"/>
  <testcase name="stopScanning delegates to bleDataSource" classname="com.meshlink.ble.data.BleRepositoryImplTest" time="0.014"/>
  <system-out><![CDATA[]]></system-out>
  <system-err><![CDATA[WARNING: A Java agent has been loaded dynamically (/Users/durgaprasadml/.gradle/caches/modules-2/files-2.1/net.bytebuddy/byte-buddy-agent/1.14.6/46e2545d7a97b6ccb195621650c5957279eb4812/byte-buddy-agent-1.14.6.jar)
WARNING: If a serviceability tool is in use, please run with -XX:+EnableDynamicAgentLoading to hide this warning
WARNING: If a serviceability tool is not in use, please run with -Djdk.instrument.traceUsage for more information
WARNING: Dynamic loading of agents will be disallowed by default in a future release
Exception in thread "DefaultDispatcher-worker-1 @coroutine#23" kotlin.KotlinNothingValueException
	at com.meshlink.ble.data.BleRepositoryImpl$13.invokeSuspend(BleRepositoryImpl.kt:267)
	at kotlin.coroutines.jvm.internal.BaseContinuationImpl.resumeWith(ContinuationImpl.kt:33)
	at kotlinx.coroutines.DispatchedTask.run(DispatchedTask.kt:108)
	at kotlinx.coroutines.scheduling.CoroutineScheduler.runSafely(CoroutineScheduler.kt:584)
	at kotlinx.coroutines.scheduling.CoroutineScheduler$Worker.executeTask(CoroutineScheduler.kt:793)
	at kotlinx.coroutines.scheduling.CoroutineScheduler$Worker.runWorker(CoroutineScheduler.kt:697)
	at kotlinx.coroutines.scheduling.CoroutineScheduler$Worker.run(CoroutineScheduler.kt:684)
	Suppressed: kotlinx.coroutines.internal.DiagnosticCoroutineContextException: [CoroutineId(23), "coroutine#23":StandaloneCoroutine{Cancelling}@39c25a73, Dispatchers.Default]
Exception in thread "DefaultDispatcher-worker-5 @coroutine#20" kotlin.KotlinNothingValueException
	at com.meshlink.ble.data.BleRepositoryImpl$10.invokeSuspend(BleRepositoryImpl.kt:218)
	at kotlin.coroutines.jvm.internal.BaseContinuationImpl.resumeWith(ContinuationImpl.kt:33)
	at kotlinx.coroutines.DispatchedTask.run(DispatchedTask.kt:108)
	at kotlinx.coroutines.scheduling.CoroutineScheduler.runSafely(CoroutineScheduler.kt:584)
	at kotlinx.coroutines.scheduling.CoroutineScheduler$Worker.executeTask(CoroutineScheduler.kt:793)
	at kotlinx.coroutines.scheduling.CoroutineScheduler$Worker.runWorker(CoroutineScheduler.kt:697)
	at kotlinx.coroutines.scheduling.CoroutineScheduler$Worker.run(CoroutineScheduler.kt:684)
	Suppressed: kotlinx.coroutines.internal.DiagnosticCoroutineContextException: [CoroutineId(20), "coroutine#20":StandaloneCoroutine{Cancelling}@2ff9eacf, Dispatchers.Default]
Exception in thread "DefaultDispatcher-worker-8 @coroutine#12" kotlin.KotlinNothingValueException
	at com.meshlink.ble.data.BleRepositoryImpl$10.invokeSuspend(BleRepositoryImpl.kt:218)
	at kotlin.coroutines.jvm.internal.BaseContinuationImpl.resumeWith(ContinuationImpl.kt:33)
	at kotlinx.coroutines.DispatchedTask.run(DispatchedTask.kt:108)
	at kotlinx.coroutines.scheduling.CoroutineScheduler.runSafely(CoroutineScheduler.kt:584)
	at kotlinx.coroutines.scheduling.CoroutineScheduler$Worker.executeTask(CoroutineScheduler.kt:793)
	at kotlinx.coroutines.scheduling.CoroutineScheduler$Worker.runWorker(CoroutineScheduler.kt:697)
	at kotlinx.coroutines.scheduling.CoroutineScheduler$Worker.run(CoroutineScheduler.kt:684)
	Suppressed: kotlinx.coroutines.internal.DiagnosticCoroutineContextException: [CoroutineId(12), "coroutine#12":StandaloneCoroutine{Cancelling}@77164b33, Dispatchers.Default]
Exception in thread "DefaultDispatcher-worker-6 @coroutine#6" kotlin.KotlinNothingValueException
	at com.meshlink.ble.data.BleRepositoryImpl$13.invokeSuspend(BleRepositoryImpl.kt:267)
	at kotlin.coroutines.jvm.internal.BaseContinuationImpl.resumeWith(ContinuationImpl.kt:33)
	at kotlinx.coroutines.DispatchedTask.run(DispatchedTask.kt:108)
	at kotlinx.coroutines.scheduling.CoroutineScheduler.runSafely(CoroutineScheduler.kt:584)
	at kotlinx.coroutines.scheduling.CoroutineScheduler$Worker.executeTask(CoroutineScheduler.kt:793)
	at kotlinx.coroutines.scheduling.CoroutineScheduler$Worker.runWorker(CoroutineScheduler.kt:697)
	at kotlinx.coroutines.scheduling.CoroutineScheduler$Worker.run(CoroutineScheduler.kt:684)
	Suppressed: kotlinx.coroutines.internal.DiagnosticCoroutineContextException: [CoroutineId(6), "coroutine#6":StandaloneCoroutine{Cancelling}@29c31a66, Dispatchers.Default]
Exception in thread "DefaultDispatcher-worker-7 @coroutine#15" kotlin.KotlinNothingValueException
	at com.meshlink.ble.data.BleRepositoryImpl$13.invokeSuspend(BleRepositoryImpl.kt:267)
	at kotlin.coroutines.jvm.internal.BaseContinuationImpl.resumeWith(ContinuationImpl.kt:33)
	at kotlinx.coroutines.DispatchedTask.run(DispatchedTask.kt:108)
	at kotlinx.coroutines.scheduling.CoroutineScheduler.runSafely(CoroutineScheduler.kt:584)
	at kotlinx.coroutines.scheduling.CoroutineScheduler$Worker.executeTask(CoroutineScheduler.kt:793)
	at kotlinx.coroutines.scheduling.CoroutineScheduler$Worker.runWorker(CoroutineScheduler.kt:697)
	at kotlinx.coroutines.scheduling.CoroutineScheduler$Worker.run(CoroutineScheduler.kt:684)
	Suppressed: kotlinx.coroutines.internal.DiagnosticCoroutineContextException: [CoroutineId(15), "coroutine#15":StandaloneCoroutine{Cancelling}@5875b58, Dispatchers.Default]
Exception in thread "DefaultDispatcher-worker-3 @coroutine#3" kotlin.KotlinNothingValueException
	at com.meshlink.ble.data.BleRepositoryImpl$10.invokeSuspend(BleRepositoryImpl.kt:218)
	at kotlin.coroutines.jvm.internal.BaseContinuationImpl.resumeWith(ContinuationImpl.kt:33)
	at kotlinx.coroutines.DispatchedTask.run(DispatchedTask.kt:108)
	at kotlinx.coroutines.scheduling.CoroutineScheduler.runSafely(CoroutineScheduler.kt:584)
	at kotlinx.coroutines.scheduling.CoroutineScheduler$Worker.executeTask(CoroutineScheduler.kt:793)
	at kotlinx.coroutines.scheduling.CoroutineScheduler$Worker.runWorker(CoroutineScheduler.kt:697)
	at kotlinx.coroutines.scheduling.CoroutineScheduler$Worker.run(CoroutineScheduler.kt:684)
	Suppressed: kotlinx.coroutines.internal.DiagnosticCoroutineContextException: [CoroutineId(3), "coroutine#3":StandaloneCoroutine{Cancelling}@1268c63a, Dispatchers.Default]
Exception in thread "DefaultDispatcher-worker-3 @coroutine#32" kotlin.KotlinNothingValueException
	at com.meshlink.ble.data.BleRepositoryImpl$10.invokeSuspend(BleRepositoryImpl.kt:218)
	at kotlin.coroutines.jvm.internal.BaseContinuationImpl.resumeWith(ContinuationImpl.kt:33)
	at kotlinx.coroutines.DispatchedTask.run(DispatchedTask.kt:108)
	at kotlinx.coroutines.scheduling.CoroutineScheduler.runSafely(CoroutineScheduler.kt:584)
	at kotlinx.coroutines.scheduling.CoroutineScheduler$Worker.executeTask(CoroutineScheduler.kt:793)
	at kotlinx.coroutines.scheduling.CoroutineScheduler$Worker.runWorker(CoroutineScheduler.kt:697)
	at kotlinx.coroutines.scheduling.CoroutineScheduler$Worker.run(CoroutineScheduler.kt:684)
	Suppressed: kotlinx.coroutines.internal.DiagnosticCoroutineContextException: [CoroutineId(32), "coroutine#32":StandaloneCoroutine{Cancelling}@10de4aec, Dispatchers.Default]
Exception in thread "DefaultDispatcher-worker-6 @coroutine#35" kotlin.KotlinNothingValueException
	at com.meshlink.ble.data.BleRepositoryImpl$13.invokeSuspend(BleRepositoryImpl.kt:267)
	at kotlin.coroutines.jvm.internal.BaseContinuationImpl.resumeWith(ContinuationImpl.kt:33)
	at kotlinx.coroutines.DispatchedTask.run(DispatchedTask.kt:108)
	at kotlinx.coroutines.scheduling.CoroutineScheduler.runSafely(CoroutineScheduler.kt:584)
	at kotlinx.coroutines.scheduling.CoroutineScheduler$Worker.executeTask(CoroutineScheduler.kt:793)
	at kotlinx.coroutines.scheduling.CoroutineScheduler$Worker.runWorker(CoroutineScheduler.kt:697)
	at kotlinx.coroutines.scheduling.CoroutineScheduler$Worker.run(CoroutineScheduler.kt:684)
	Suppressed: kotlinx.coroutines.internal.DiagnosticCoroutineContextException: [CoroutineId(35), "coroutine#35":StandaloneCoroutine{Cancelling}@39646c6, Dispatchers.Default]
Exception in thread "DefaultDispatcher-worker-1 @coroutine#40" kotlin.KotlinNothingValueException
	at com.meshlink.ble.data.BleRepositoryImpl$10.invokeSuspend(BleRepositoryImpl.kt:218)
	at kotlin.coroutines.jvm.internal.BaseContinuationImpl.resumeWith(ContinuationImpl.kt:33)
	at kotlinx.coroutines.DispatchedTask.run(DispatchedTask.kt:108)
	at kotlinx.coroutines.scheduling.CoroutineScheduler.runSafely(CoroutineScheduler.kt:584)
	at kotlinx.coroutines.scheduling.CoroutineScheduler$Worker.executeTask(CoroutineScheduler.kt:793)
	at kotlinx.coroutines.scheduling.CoroutineScheduler$Worker.runWorker(CoroutineScheduler.kt:697)
	at kotlinx.coroutines.scheduling.CoroutineScheduler$Worker.run(CoroutineScheduler.kt:684)
	Suppressed: kotlinx.coroutines.internal.DiagnosticCoroutineContextException: [CoroutineId(40), "coroutine#40":StandaloneCoroutine{Cancelling}@132929f6, Dispatchers.Default]
Exception in thread "DefaultDispatcher-worker-4 @coroutine#43" kotlin.KotlinNothingValueException
	at com.meshlink.ble.data.BleRepositoryImpl$13.invokeSuspend(BleRepositoryImpl.kt:267)
	at kotlin.coroutines.jvm.internal.BaseContinuationImpl.resumeWith(ContinuationImpl.kt:33)
	at kotlinx.coroutines.DispatchedTask.run(DispatchedTask.kt:108)
	at kotlinx.coroutines.scheduling.CoroutineScheduler.runSafely(CoroutineScheduler.kt:584)
	at kotlinx.coroutines.scheduling.CoroutineScheduler$Worker.executeTask(CoroutineScheduler.kt:793)
	at kotlinx.coroutines.scheduling.CoroutineScheduler$Worker.runWorker(CoroutineScheduler.kt:697)
	at kotlinx.coroutines.scheduling.CoroutineScheduler$Worker.run(CoroutineScheduler.kt:684)
	Suppressed: kotlinx.coroutines.internal.DiagnosticCoroutineContextException: [CoroutineId(43), "coroutine#43":StandaloneCoroutine{Cancelling}@719e89be, Dispatchers.Default]
Exception in thread "DefaultDispatcher-worker-1 @coroutine#48" kotlin.KotlinNothingValueException
	at com.meshlink.ble.data.BleRepositoryImpl$10.invokeSuspend(BleRepositoryImpl.kt:218)
	at kotlin.coroutines.jvm.internal.BaseContinuationImpl.resumeWith(ContinuationImpl.kt:33)
	at kotlinx.coroutines.DispatchedTask.run(DispatchedTask.kt:108)
	at kotlinx.coroutines.scheduling.CoroutineScheduler.runSafely(CoroutineScheduler.kt:584)
	at kotlinx.coroutines.scheduling.CoroutineScheduler$Worker.executeTask(CoroutineScheduler.kt:793)
	at kotlinx.coroutines.scheduling.CoroutineScheduler$Worker.runWorker(CoroutineScheduler.kt:697)
	at kotlinx.coroutines.scheduling.CoroutineScheduler$Worker.run(CoroutineScheduler.kt:684)
	Suppressed: kotlinx.coroutines.internal.DiagnosticCoroutineContextException: [CoroutineId(48), "coroutine#48":StandaloneCoroutine{Cancelling}@23ad9755, Dispatchers.Default]
Exception in thread "DefaultDispatcher-worker-7 @coroutine#51" kotlin.KotlinNothingValueException
	at com.meshlink.ble.data.BleRepositoryImpl$13.invokeSuspend(BleRepositoryImpl.kt:267)
	at kotlin.coroutines.jvm.internal.BaseContinuationImpl.resumeWith(ContinuationImpl.kt:33)
	at kotlinx.coroutines.DispatchedTask.run(DispatchedTask.kt:108)
	at kotlinx.coroutines.scheduling.CoroutineScheduler.runSafely(CoroutineScheduler.kt:584)
	at kotlinx.coroutines.scheduling.CoroutineScheduler$Worker.executeTask(CoroutineScheduler.kt:793)
	at kotlinx.coroutines.scheduling.CoroutineScheduler$Worker.runWorker(CoroutineScheduler.kt:697)
	at kotlinx.coroutines.scheduling.CoroutineScheduler$Worker.run(CoroutineScheduler.kt:684)
	Suppressed: kotlinx.coroutines.internal.DiagnosticCoroutineContextException: [CoroutineId(51), "coroutine#51":StandaloneCoroutine{Cancelling}@73e004d2, Dispatchers.Default]
Exception in thread "DefaultDispatcher-worker-1 @coroutine#56" kotlin.KotlinNothingValueException
	at com.meshlink.ble.data.BleRepositoryImpl$10.invokeSuspend(BleRepositoryImpl.kt:218)
	at kotlin.coroutines.jvm.internal.BaseContinuationImpl.resumeWith(ContinuationImpl.kt:33)
	at kotlinx.coroutines.DispatchedTask.run(DispatchedTask.kt:108)
	at kotlinx.coroutines.scheduling.CoroutineScheduler.runSafely(CoroutineScheduler.kt:584)
	at kotlinx.coroutines.scheduling.CoroutineScheduler$Worker.executeTask(CoroutineScheduler.kt:793)
	at kotlinx.coroutines.scheduling.CoroutineScheduler$Worker.runWorker(CoroutineScheduler.kt:697)
	at kotlinx.coroutines.scheduling.CoroutineScheduler$Worker.run(CoroutineScheduler.kt:684)
	Suppressed: kotlinx.coroutines.internal.DiagnosticCoroutineContextException: [CoroutineId(56), "coroutine#56":StandaloneCoroutine{Cancelling}@2440586b, Dispatchers.Default]
Exception in thread "DefaultDispatcher-worker-4 @coroutine#59" kotlin.KotlinNothingValueException
	at com.meshlink.ble.data.BleRepositoryImpl$13.invokeSuspend(BleRepositoryImpl.kt:267)
	at kotlin.coroutines.jvm.internal.BaseContinuationImpl.resumeWith(ContinuationImpl.kt:33)
	at kotlinx.coroutines.DispatchedTask.run(DispatchedTask.kt:108)
	at kotlinx.coroutines.scheduling.CoroutineScheduler.runSafely(CoroutineScheduler.kt:584)
	at kotlinx.coroutines.scheduling.CoroutineScheduler$Worker.executeTask(CoroutineScheduler.kt:793)
	at kotlinx.coroutines.scheduling.CoroutineScheduler$Worker.runWorker(CoroutineScheduler.kt:697)
	at kotlinx.coroutines.scheduling.CoroutineScheduler$Worker.run(CoroutineScheduler.kt:684)
	Suppressed: kotlinx.coroutines.internal.DiagnosticCoroutineContextException: [CoroutineId(59), "coroutine#59":StandaloneCoroutine{Cancelling}@106b5bc9, Dispatchers.Default]
Exception in thread "DefaultDispatcher-worker-7 @coroutine#64" kotlin.KotlinNothingValueException
	at com.meshlink.ble.data.BleRepositoryImpl$10.invokeSuspend(BleRepositoryImpl.kt:218)
	at kotlin.coroutines.jvm.internal.BaseContinuationImpl.resumeWith(ContinuationImpl.kt:33)
	at kotlinx.coroutines.DispatchedTask.run(DispatchedTask.kt:108)
	at kotlinx.coroutines.scheduling.CoroutineScheduler.runSafely(CoroutineScheduler.kt:584)
	at kotlinx.coroutines.scheduling.CoroutineScheduler$Worker.executeTask(CoroutineScheduler.kt:793)
	at kotlinx.coroutines.scheduling.CoroutineScheduler$Worker.runWorker(CoroutineScheduler.kt:697)
	at kotlinx.coroutines.scheduling.CoroutineScheduler$Worker.run(CoroutineScheduler.kt:684)
	Suppressed: kotlinx.coroutines.internal.DiagnosticCoroutineContextException: [CoroutineId(64), "coroutine#64":StandaloneCoroutine{Cancelling}@552a7f52, Dispatchers.Default]
Exception in thread "DefaultDispatcher-worker-6 @coroutine#67" kotlin.KotlinNothingValueException
	at com.meshlink.ble.data.BleRepositoryImpl$13.invokeSuspend(BleRepositoryImpl.kt:267)
	at kotlin.coroutines.jvm.internal.BaseContinuationImpl.resumeWith(ContinuationImpl.kt:33)
	at kotlinx.coroutines.DispatchedTask.run(DispatchedTask.kt:108)
	at kotlinx.coroutines.scheduling.CoroutineScheduler.runSafely(CoroutineScheduler.kt:584)
	at kotlinx.coroutines.scheduling.CoroutineScheduler$Worker.executeTask(CoroutineScheduler.kt:793)
	at kotlinx.coroutines.scheduling.CoroutineScheduler$Worker.runWorker(CoroutineScheduler.kt:697)
	at kotlinx.coroutines.scheduling.CoroutineScheduler$Worker.run(CoroutineScheduler.kt:684)
	Suppressed: kotlinx.coroutines.internal.DiagnosticCoroutineContextException: [CoroutineId(67), "coroutine#67":StandaloneCoroutine{Cancelling}@4db5f40a, Dispatchers.Default]
]]></system-err>
</testsuite>
