<?xml version="1.0" encoding="UTF-8"?>
<testsuite name="com.meshlink.wifi.data.WifiDirectManagerTest" tests="4" skipped="0" failures="0" errors="0" timestamp="2026-07-19T03:24:15.465Z" hostname="Durgaprasads-MacBook-Air.local" time="0.7">
  <properties/>
  <testcase name="when connection changed intent received with connected true, updates connection info" classname="com.meshlink.wifi.data.WifiDirectManagerTest" time="0.574"/>
  <testcase name="when peers changed intent received, requests peers and updates flow" classname="com.meshlink.wifi.data.WifiDirectManagerTest" time="0.055"/>
  <testcase name="when connection changed intent received with connected false, clears connection info" classname="com.meshlink.wifi.data.WifiDirectManagerTest" time="0.014"/>
  <testcase name="connectToPeer calculates GO intent based on MAC addresses" classname="com.meshlink.wifi.data.WifiDirectManagerTest" time="0.057"/>
  <system-out><![CDATA[]]></system-out>
  <system-err><![CDATA[]]></system-err>
</testsuite>
