<?xml version="1.0" encoding="UTF-8"?>
<testsuite name="com.meshlink.database.data.local.ChatDaoTest" tests="8" skipped="0" failures="0" errors="0" timestamp="2026-07-19T03:24:11.956Z" hostname="Durgaprasads-MacBook-Air.local" time="0.154">
  <properties/>
  <testcase name="updateMessageStatus updates status correctly" classname="com.meshlink.database.data.local.ChatDaoTest" time="0.023"/>
  <testcase name="deleteChat removes chat and associated messages" classname="com.meshlink.database.data.local.ChatDaoTest" time="0.021"/>
  <testcase name="insertMessageAndUpdateChat creates new chat if it does not exist" classname="com.meshlink.database.data.local.ChatDaoTest" time="0.013"/>
  <testcase name="getMessagesForChat flow emits updates" classname="com.meshlink.database.data.local.ChatDaoTest" time="0.039"/>
  <testcase name="insertChat and getChatById" classname="com.meshlink.database.data.local.ChatDaoTest" time="0.013"/>
  <testcase name="insertMessage and getMessageByUuid" classname="com.meshlink.database.data.local.ChatDaoTest" time="0.019"/>
  <testcase name="getAllChats flow emits updates" classname="com.meshlink.database.data.local.ChatDaoTest" time="0.015"/>
  <testcase name="insertMessageAndUpdateChat updates existing chat" classname="com.meshlink.database.data.local.ChatDaoTest" time="0.011"/>
  <system-out><![CDATA[]]></system-out>
  <system-err><![CDATA[]]></system-err>
</testsuite>
